Analysis & Synthesis report for MC6847X
Fri Nov 07 10:30:20 2025
Quartus II 64-Bit Version 13.0.1 Build 232 06/12/2013 Service Pack 1 SJ Web Edition


---------------------
; Table of Contents ;
---------------------
  1. Legal Notice
  2. Analysis & Synthesis Summary
  3. Analysis & Synthesis Settings
  4. Parallel Compilation
  5. Analysis & Synthesis Source Files Read
  6. Analysis & Synthesis Resource Usage Summary
  7. Analysis & Synthesis Resource Utilization by Entity
  8. Parameter Settings for User Entity Instance: FrameTiming:Frame
  9. Parameter Settings for User Entity Instance: FrameTiming:Frame|counter:dataCounter
 10. Parameter Settings for User Entity Instance: FrameTiming:Frame|counter:alphaCounter
 11. Parameter Settings for Inferred Entity Instance: FrameTiming:Frame|row_counter_vhdl:pixelRows|reg_counter_vhdl:row_counter|lpm_counter:counter_rtl_0
 12. Parameter Settings for Inferred Entity Instance: FrameTiming:Frame|col_counter_vhdl:pixelCols|ext_counter_vhdl:col_counter|lpm_counter:counter_rtl_0
 13. Parameter Settings for Inferred Entity Instance: FrameTiming:Frame|counter:alphaCounter|lpm_counter:count_rtl_0
 14. Parameter Settings for Inferred Entity Instance: FrameTiming:Frame|counter:dataCounter|lpm_counter:count_rtl_0
 15. Parameter Settings for Inferred Entity Instance: data_counter_vhdl:dataAddress|lpm_add_sub:Add0
 16. Port Connectivity Checks: "borderMux:borderSelect|colourMux:col_mux"
 17. Port Connectivity Checks: "borderMux:borderSelect"
 18. Port Connectivity Checks: "colourMux:colourSelect"
 19. Port Connectivity Checks: "modeMux:modeSelector"
 20. Port Connectivity Checks: "textModeToPixel:textMode"
 21. Port Connectivity Checks: "videoMux:outputStream"
 22. Port Connectivity Checks: "invertText:invCharData"
 23. Port Connectivity Checks: "alphaDataMux:charDataSelect"
 24. Port Connectivity Checks: "videoDataShiftRegister:videoDataRegister"
 25. Port Connectivity Checks: "FrameTiming:Frame|counter:alphaCounter"
 26. Port Connectivity Checks: "FrameTiming:Frame|counter:dataCounter"
 27. Port Connectivity Checks: "FrameTiming:Frame|row_counter_vhdl:pixelRows"
 28. Port Connectivity Checks: "FrameTiming:Frame"
 29. Analysis & Synthesis Equations
 30. Analysis & Synthesis Messages



----------------
; Legal Notice ;
----------------
Copyright (C) 1991-2013 Altera Corporation
Your use of Altera Corporation's design tools, logic functions 
and other software and tools, and its AMPP partner logic 
functions, and any output files from any of the foregoing 
(including device programming or simulation files), and any 
associated documentation or information are expressly subject 
to the terms and conditions of the Altera Program License 
Subscription Agreement, Altera MegaCore Function License 
Agreement, or other applicable license agreement, including, 
without limitation, that your use is for the sole purpose of 
programming logic devices manufactured by Altera and sold by 
Altera or its authorized distributors.  Please refer to the 
applicable agreement for further details.



+-------------------------------------------------------------------------------+
; Analysis & Synthesis Summary                                                  ;
+-----------------------------+-------------------------------------------------+
; Analysis & Synthesis Status ; Successful - Fri Nov 07 10:30:20 2025           ;
; Quartus II 64-Bit Version   ; 13.0.1 Build 232 06/12/2013 SP 1 SJ Web Edition ;
; Revision Name               ; MC6847X                                         ;
; Top-level Entity Name       ; MC6847X                                         ;
; Family                      ; MAX7000S                                        ;
; Total macrocells            ; 111                                             ;
; Total pins                  ; 46                                              ;
+-----------------------------+-------------------------------------------------+


+--------------------------------------------------------------------------------------------------------------+
; Analysis & Synthesis Settings                                                                                ;
+----------------------------------------------------------------------------+-----------------+---------------+
; Option                                                                     ; Setting         ; Default Value ;
+----------------------------------------------------------------------------+-----------------+---------------+
; Device                                                                     ; EPM7128SLC84-10 ;               ;
; Top-level entity name                                                      ; MC6847X         ; MC6847X       ;
; Family name                                                                ; MAX7000S        ; Cyclone IV GX ;
; Type of Retiming Performed During Resynthesis                              ; Full            ;               ;
; Resynthesis Optimization Effort                                            ; Normal          ;               ;
; Physical Synthesis Level for Resynthesis                                   ; Normal          ;               ;
; Use Generated Physical Constraints File                                    ; On              ;               ;
; Use smart compilation                                                      ; Off             ; Off           ;
; Enable parallel Assembler and TimeQuest Timing Analyzer during compilation ; On              ; On            ;
; Enable compact report table                                                ; Off             ; Off           ;
; Create Debugging Nodes for IP Cores                                        ; Off             ; Off           ;
; Preserve fewer node names                                                  ; On              ; On            ;
; Disable OpenCore Plus hardware evaluation                                  ; Off             ; Off           ;
; Verilog Version                                                            ; Verilog_2001    ; Verilog_2001  ;
; VHDL Version                                                               ; VHDL_1993       ; VHDL_1993     ;
; State Machine Processing                                                   ; Auto            ; Auto          ;
; Safe State Machine                                                         ; Off             ; Off           ;
; Extract Verilog State Machines                                             ; On              ; On            ;
; Extract VHDL State Machines                                                ; On              ; On            ;
; Ignore Verilog initial constructs                                          ; Off             ; Off           ;
; Iteration limit for constant Verilog loops                                 ; 5000            ; 5000          ;
; Iteration limit for non-constant Verilog loops                             ; 250             ; 250           ;
; Add Pass-Through Logic to Inferred RAMs                                    ; On              ; On            ;
; Infer RAMs from Raw Logic                                                  ; On              ; On            ;
; Parallel Synthesis                                                         ; On              ; On            ;
; NOT Gate Push-Back                                                         ; On              ; On            ;
; Power-Up Don't Care                                                        ; On              ; On            ;
; Remove Duplicate Registers                                                 ; On              ; On            ;
; Ignore CARRY Buffers                                                       ; Off             ; Off           ;
; Ignore CASCADE Buffers                                                     ; Off             ; Off           ;
; Ignore GLOBAL Buffers                                                      ; Off             ; Off           ;
; Ignore ROW GLOBAL Buffers                                                  ; Off             ; Off           ;
; Ignore LCELL Buffers                                                       ; Auto            ; Auto          ;
; Ignore SOFT Buffers                                                        ; Off             ; Off           ;
; Limit AHDL Integers to 32 Bits                                             ; Off             ; Off           ;
; Optimization Technique                                                     ; Speed           ; Speed         ;
; Allow XOR Gate Usage                                                       ; On              ; On            ;
; Auto Logic Cell Insertion                                                  ; On              ; On            ;
; Parallel Expander Chain Length                                             ; 4               ; 4             ;
; Auto Parallel Expanders                                                    ; On              ; On            ;
; Auto Open-Drain Pins                                                       ; On              ; On            ;
; Auto Resource Sharing                                                      ; Off             ; Off           ;
; Maximum Fan-in Per Macrocell                                               ; 100             ; 100           ;
; Use LogicLock Constraints during Resource Balancing                        ; On              ; On            ;
; Ignore translate_off and synthesis_off directives                          ; Off             ; Off           ;
; Report Parameter Settings                                                  ; On              ; On            ;
; Report Source Assignments                                                  ; On              ; On            ;
; Report Connectivity Checks                                                 ; On              ; On            ;
; HDL message level                                                          ; Level2          ; Level2        ;
; Suppress Register Optimization Related Messages                            ; Off             ; Off           ;
; Number of Removed Registers Reported in Synthesis Report                   ; 5000            ; 5000          ;
; Number of Swept Nodes Reported in Synthesis Report                         ; 5000            ; 5000          ;
; Number of Inverted Registers Reported in Synthesis Report                  ; 100             ; 100           ;
; Block Design Naming                                                        ; Auto            ; Auto          ;
; Synthesis Effort                                                           ; Auto            ; Auto          ;
; Shift Register Replacement - Allow Asynchronous Clear Signal               ; On              ; On            ;
; Pre-Mapping Resynthesis Optimization                                       ; Off             ; Off           ;
; Analysis & Synthesis Message Level                                         ; Medium          ; Medium        ;
; Disable Register Merging Across Hierarchies                                ; Auto            ; Auto          ;
; Synthesis Seed                                                             ; 1               ; 1             ;
+----------------------------------------------------------------------------+-----------------+---------------+


Parallel compilation was disabled, but you have multiple processors available. Enable parallel compilation to reduce compilation time.
+-------------------------------------+
; Parallel Compilation                ;
+----------------------------+--------+
; Processors                 ; Number ;
+----------------------------+--------+
; Number detected on machine ; 16     ;
; Maximum allowed            ; 1      ;
+----------------------------+--------+


+-------------------------------------------------------------------------------------------------------------------------------------------------------------------+
; Analysis & Synthesis Source Files Read                                                                                                                            ;
+----------------------------------+-----------------+------------------------+---------------------------------------------------------------------------+---------+
; File Name with User-Entered Path ; Used in Netlist ; File Type              ; File Name with Absolute Path                                              ; Library ;
+----------------------------------+-----------------+------------------------+---------------------------------------------------------------------------+---------+
; MC6847X.v                        ; yes             ; User Verilog HDL File  ; H:/MC6847X/Quartus/MC6847X.v                                              ;         ;
; FormatSwitch.v                   ; yes             ; User Verilog HDL File  ; H:/MC6847X/Quartus/FormatSwitch.v                                         ;         ;
; FrameTiming.v                    ; yes             ; User Verilog HDL File  ; H:/MC6847X/Quartus/FrameTiming.v                                          ;         ;
; counter.v                        ; yes             ; User Verilog HDL File  ; H:/MC6847X/Quartus/counter.v                                              ;         ;
; ClockSwitch.v                    ; yes             ; User Verilog HDL File  ; H:/MC6847X/Quartus/ClockSwitch.v                                          ;         ;
; ext_counter_vhdl.vhd             ; yes             ; User VHDL File         ; H:/MC6847X/Quartus/ext_counter_vhdl.vhd                                   ;         ;
; reg_counter_vhdl.vhd             ; yes             ; User VHDL File         ; H:/MC6847X/Quartus/reg_counter_vhdl.vhd                                   ;         ;
; col_counter_vhdl.vhd             ; yes             ; User VHDL File         ; H:/MC6847X/Quartus/col_counter_vhdl.vhd                                   ;         ;
; row_counter_vhdl.vhd             ; yes             ; User VHDL File         ; H:/MC6847X/Quartus/row_counter_vhdl.vhd                                   ;         ;
; videoMux.v                       ; yes             ; User Verilog HDL File  ; H:/MC6847X/Quartus/videoMux.v                                             ;         ;
; border_mux.vhd                   ; yes             ; User VHDL File         ; H:/MC6847X/Quartus/border_mux.vhd                                         ;         ;
; colour_mux.vhd                   ; yes             ; User VHDL File         ; H:/MC6847X/Quartus/colour_mux.vhd                                         ;         ;
; res_mode_to_palette.vhd          ; yes             ; User VHDL File         ; H:/MC6847X/Quartus/res_mode_to_palette.vhd                                ;         ;
; graphic_mode_to_palette.vhd      ; yes             ; User VHDL File         ; H:/MC6847X/Quartus/graphic_mode_to_palette.vhd                            ;         ;
; mode_mux.vhd                     ; yes             ; User VHDL File         ; H:/MC6847X/Quartus/mode_mux.vhd                                           ;         ;
; alphaDataMux.v                   ; yes             ; User Verilog HDL File  ; H:/MC6847X/Quartus/alphaDataMux.v                                         ;         ;
; textModeToPixel.v                ; yes             ; User Verilog HDL File  ; H:/MC6847X/Quartus/textModeToPixel.v                                      ;         ;
; data_counter_vhdl.vhd            ; yes             ; User VHDL File         ; H:/MC6847X/Quartus/data_counter_vhdl.vhd                                  ;         ;
; videoDataShiftRegister.v         ; yes             ; User Verilog HDL File  ; H:/MC6847X/Quartus/videoDataShiftRegister.v                               ;         ;
; videoShiftClock.v                ; yes             ; User Verilog HDL File  ; H:/MC6847X/Quartus/videoShiftClock.v                                      ;         ;
; invertText.v                     ; yes             ; User Verilog HDL File  ; H:/MC6847X/Quartus/invertText.v                                           ;         ;
; clock_divide_vhdl.vhd            ; yes             ; User VHDL File         ; H:/MC6847X/Quartus/clock_divide_vhdl.vhd                                  ;         ;
; row_divide_vhdl.vhd              ; yes             ; User VHDL File         ; H:/MC6847X/Quartus/row_divide_vhdl.vhd                                    ;         ;
; lpm_counter.tdf                  ; yes             ; Megafunction           ; c:/altera/13.0sp1/quartus/libraries/megafunctions/lpm_counter.tdf         ;         ;
; lpm_constant.inc                 ; yes             ; Megafunction           ; c:/altera/13.0sp1/quartus/libraries/megafunctions/lpm_constant.inc        ;         ;
; lpm_decode.inc                   ; yes             ; Megafunction           ; c:/altera/13.0sp1/quartus/libraries/megafunctions/lpm_decode.inc          ;         ;
; lpm_add_sub.inc                  ; yes             ; Megafunction           ; c:/altera/13.0sp1/quartus/libraries/megafunctions/lpm_add_sub.inc         ;         ;
; cmpconst.inc                     ; yes             ; Megafunction           ; c:/altera/13.0sp1/quartus/libraries/megafunctions/cmpconst.inc            ;         ;
; lpm_compare.inc                  ; yes             ; Megafunction           ; c:/altera/13.0sp1/quartus/libraries/megafunctions/lpm_compare.inc         ;         ;
; lpm_counter.inc                  ; yes             ; Megafunction           ; c:/altera/13.0sp1/quartus/libraries/megafunctions/lpm_counter.inc         ;         ;
; dffeea.inc                       ; yes             ; Megafunction           ; c:/altera/13.0sp1/quartus/libraries/megafunctions/dffeea.inc              ;         ;
; alt_counter_stratix.inc          ; yes             ; Megafunction           ; c:/altera/13.0sp1/quartus/libraries/megafunctions/alt_counter_stratix.inc ;         ;
; aglobal130.inc                   ; yes             ; Megafunction           ; c:/altera/13.0sp1/quartus/libraries/megafunctions/aglobal130.inc          ;         ;
; lpm_add_sub.tdf                  ; yes             ; Megafunction           ; c:/altera/13.0sp1/quartus/libraries/megafunctions/lpm_add_sub.tdf         ;         ;
; addcore.inc                      ; yes             ; Megafunction           ; c:/altera/13.0sp1/quartus/libraries/megafunctions/addcore.inc             ;         ;
; look_add.inc                     ; yes             ; Megafunction           ; c:/altera/13.0sp1/quartus/libraries/megafunctions/look_add.inc            ;         ;
; bypassff.inc                     ; yes             ; Megafunction           ; c:/altera/13.0sp1/quartus/libraries/megafunctions/bypassff.inc            ;         ;
; altshift.inc                     ; yes             ; Megafunction           ; c:/altera/13.0sp1/quartus/libraries/megafunctions/altshift.inc            ;         ;
; alt_stratix_add_sub.inc          ; yes             ; Megafunction           ; c:/altera/13.0sp1/quartus/libraries/megafunctions/alt_stratix_add_sub.inc ;         ;
; addcore.tdf                      ; yes             ; Megafunction           ; c:/altera/13.0sp1/quartus/libraries/megafunctions/addcore.tdf             ;         ;
; a_csnbuffer.inc                  ; yes             ; Megafunction           ; c:/altera/13.0sp1/quartus/libraries/megafunctions/a_csnbuffer.inc         ;         ;
; a_csnbuffer.tdf                  ; yes             ; Megafunction           ; c:/altera/13.0sp1/quartus/libraries/megafunctions/a_csnbuffer.tdf         ;         ;
; look_add.tdf                     ; yes             ; Megafunction           ; c:/altera/13.0sp1/quartus/libraries/megafunctions/look_add.tdf            ;         ;
; altshift.tdf                     ; yes             ; Megafunction           ; c:/altera/13.0sp1/quartus/libraries/megafunctions/altshift.tdf            ;         ;
+----------------------------------+-----------------+------------------------+---------------------------------------------------------------------------+---------+


+------------------------------------------------------------------------------------------------------------------------------------+
; Analysis & Synthesis Resource Usage Summary                                                                                        ;
+----------------------+-------------------------------------------------------------------------------------------------------------+
; Resource             ; Usage                                                                                                       ;
+----------------------+-------------------------------------------------------------------------------------------------------------+
; Logic cells          ; 111                                                                                                         ;
; Total registers      ; 40                                                                                                          ;
; I/O pins             ; 46                                                                                                          ;
; Shareable expanders  ; 12                                                                                                          ;
; Parallel expanders   ; 34                                                                                                          ;
; Maximum fan-out node ; FrameTiming:Frame|col_counter_vhdl:pixelCols|ext_counter_vhdl:col_counter|lpm_counter:counter_rtl_0|dffs[7] ;
; Maximum fan-out      ; 74                                                                                                          ;
; Total fan-out        ; 1370                                                                                                        ;
; Average fan-out      ; 8.11                                                                                                        ;
+----------------------+-------------------------------------------------------------------------------------------------------------+


+-------------------------------------------------------------------------------------------------------------------------------------------------------------------------------------------+
; Analysis & Synthesis Resource Utilization by Entity                                                                                                                                       ;
+-----------------------------------------+------------+------+--------------------------------------------------------------------------------------------------------------+--------------+
; Compilation Hierarchy Node              ; Macrocells ; Pins ; Full Hierarchy Name                                                                                          ; Library Name ;
+-----------------------------------------+------------+------+--------------------------------------------------------------------------------------------------------------+--------------+
; |MC6847X                                ; 111        ; 46   ; |MC6847X                                                                                                     ; work         ;
;    |ClockSwitch:ColourClock|            ; 1          ; 0    ; |MC6847X|ClockSwitch:ColourClock                                                                             ; work         ;
;    |FormatSwitch:FormatSelect|          ; 1          ; 0    ; |MC6847X|FormatSwitch:FormatSelect                                                                           ; work         ;
;    |FrameTiming:Frame|                  ; 70         ; 0    ; |MC6847X|FrameTiming:Frame                                                                                   ; work         ;
;       |col_counter_vhdl:pixelCols|      ; 8          ; 0    ; |MC6847X|FrameTiming:Frame|col_counter_vhdl:pixelCols                                                        ; work         ;
;          |ext_counter_vhdl:col_counter| ; 8          ; 0    ; |MC6847X|FrameTiming:Frame|col_counter_vhdl:pixelCols|ext_counter_vhdl:col_counter                           ; work         ;
;             |lpm_counter:counter_rtl_0| ; 8          ; 0    ; |MC6847X|FrameTiming:Frame|col_counter_vhdl:pixelCols|ext_counter_vhdl:col_counter|lpm_counter:counter_rtl_0 ; work         ;
;       |counter:alphaCounter|            ; 4          ; 0    ; |MC6847X|FrameTiming:Frame|counter:alphaCounter                                                              ; work         ;
;          |lpm_counter:count_rtl_0|      ; 4          ; 0    ; |MC6847X|FrameTiming:Frame|counter:alphaCounter|lpm_counter:count_rtl_0                                      ; work         ;
;       |counter:dataCounter|             ; 11         ; 0    ; |MC6847X|FrameTiming:Frame|counter:dataCounter                                                               ; work         ;
;          |lpm_counter:count_rtl_0|      ; 11         ; 0    ; |MC6847X|FrameTiming:Frame|counter:dataCounter|lpm_counter:count_rtl_0                                       ; work         ;
;       |row_counter_vhdl:pixelRows|      ; 10         ; 0    ; |MC6847X|FrameTiming:Frame|row_counter_vhdl:pixelRows                                                        ; work         ;
;          |reg_counter_vhdl:row_counter| ; 9          ; 0    ; |MC6847X|FrameTiming:Frame|row_counter_vhdl:pixelRows|reg_counter_vhdl:row_counter                           ; work         ;
;             |lpm_counter:counter_rtl_0| ; 9          ; 0    ; |MC6847X|FrameTiming:Frame|row_counter_vhdl:pixelRows|reg_counter_vhdl:row_counter|lpm_counter:counter_rtl_0 ; work         ;
;    |data_counter_vhdl:dataAddress|      ; 39         ; 0    ; |MC6847X|data_counter_vhdl:dataAddress                                                                       ; work         ;
;       |lpm_add_sub:Add0|                ; 1          ; 0    ; |MC6847X|data_counter_vhdl:dataAddress|lpm_add_sub:Add0                                                      ; work         ;
;          |addcore:adder[1]|             ; 1          ; 0    ; |MC6847X|data_counter_vhdl:dataAddress|lpm_add_sub:Add0|addcore:adder[1]                                     ; work         ;
;             |a_csnbuffer:result_node|   ; 1          ; 0    ; |MC6847X|data_counter_vhdl:dataAddress|lpm_add_sub:Add0|addcore:adder[1]|a_csnbuffer:result_node             ; work         ;
+-----------------------------------------+------------+------+--------------------------------------------------------------------------------------------------------------+--------------+


+----------------------------------------------------------------+
; Parameter Settings for User Entity Instance: FrameTiming:Frame ;
+----------------+-----------+-----------------------------------+
; Parameter Name ; Value     ; Type                              ;
+----------------+-----------+-----------------------------------+
; rowCols        ; 111001010 ; Unsigned Binary                   ;
; rows0          ; 100000001 ; Unsigned Binary                   ;
; rows1          ; 100110110 ; Unsigned Binary                   ;
; vsyncStart     ; 000000011 ; Unsigned Binary                   ;
; vsyncEnd       ; 000001000 ; Unsigned Binary                   ;
; vblankBoundary ; 000001010 ; Unsigned Binary                   ;
; portx          ; 010000001 ; Unsigned Binary                   ;
; maxPortX       ; 110000001 ; Unsigned Binary                   ;
; porty0         ; 000111111 ; Unsigned Binary                   ;
; porty1         ; 001011000 ; Unsigned Binary                   ;
; portHeight     ; 010111111 ; Unsigned Binary                   ;
; hsyncStart     ; 000001010 ; Unsigned Binary                   ;
; hsyncEnd       ; 000100010 ; Unsigned Binary                   ;
; blankBoundary  ; 001001110 ; Unsigned Binary                   ;
+----------------+-----------+-----------------------------------+
Note: In order to hide this table in the UI and the text report file, please set the "Show Parameter Settings in Synthesis Report" option in "Analysis and Synthesis Settings -> More Settings" to "Off".


+------------------------------------------------------------------------------------+
; Parameter Settings for User Entity Instance: FrameTiming:Frame|counter:dataCounter ;
+----------------+-------+-----------------------------------------------------------+
; Parameter Name ; Value ; Type                                                      ;
+----------------+-------+-----------------------------------------------------------+
; WIDTH          ; 5     ; Signed Integer                                            ;
+----------------+-------+-----------------------------------------------------------+
Note: In order to hide this table in the UI and the text report file, please set the "Show Parameter Settings in Synthesis Report" option in "Analysis and Synthesis Settings -> More Settings" to "Off".


+-------------------------------------------------------------------------------------+
; Parameter Settings for User Entity Instance: FrameTiming:Frame|counter:alphaCounter ;
+----------------+-------+------------------------------------------------------------+
; Parameter Name ; Value ; Type                                                       ;
+----------------+-------+------------------------------------------------------------+
; WIDTH          ; 4     ; Signed Integer                                             ;
+----------------+-------+------------------------------------------------------------+
Note: In order to hide this table in the UI and the text report file, please set the "Show Parameter Settings in Synthesis Report" option in "Analysis and Synthesis Settings -> More Settings" to "Off".


+------------------------------------------------------------------------------------------------------------------------------------------------------+
; Parameter Settings for Inferred Entity Instance: FrameTiming:Frame|row_counter_vhdl:pixelRows|reg_counter_vhdl:row_counter|lpm_counter:counter_rtl_0 ;
+------------------------+-------------------+---------------------------------------------------------------------------------------------------------+
; Parameter Name         ; Value             ; Type                                                                                                    ;
+------------------------+-------------------+---------------------------------------------------------------------------------------------------------+
; AUTO_CARRY_CHAINS      ; ON                ; AUTO_CARRY                                                                                              ;
; IGNORE_CARRY_BUFFERS   ; OFF               ; IGNORE_CARRY                                                                                            ;
; AUTO_CASCADE_CHAINS    ; ON                ; AUTO_CASCADE                                                                                            ;
; IGNORE_CASCADE_BUFFERS ; OFF               ; IGNORE_CASCADE                                                                                          ;
; LPM_WIDTH              ; 9                 ; Untyped                                                                                                 ;
; LPM_DIRECTION          ; UP                ; Untyped                                                                                                 ;
; LPM_MODULUS            ; 0                 ; Untyped                                                                                                 ;
; LPM_AVALUE             ; UNUSED            ; Untyped                                                                                                 ;
; LPM_SVALUE             ; UNUSED            ; Untyped                                                                                                 ;
; LPM_PORT_UPDOWN        ; PORT_CONNECTIVITY ; Untyped                                                                                                 ;
; DEVICE_FAMILY          ; MAX7000S          ; Untyped                                                                                                 ;
; CARRY_CHAIN            ; MANUAL            ; Untyped                                                                                                 ;
; CARRY_CHAIN_LENGTH     ; 48                ; CARRY_CHAIN_LENGTH                                                                                      ;
; NOT_GATE_PUSH_BACK     ; ON                ; NOT_GATE_PUSH_BACK                                                                                      ;
; CARRY_CNT_EN           ; SMART             ; Untyped                                                                                                 ;
; LABWIDE_SCLR           ; ON                ; Untyped                                                                                                 ;
; USE_NEW_VERSION        ; TRUE              ; Untyped                                                                                                 ;
; CBXI_PARAMETER         ; NOTHING           ; Untyped                                                                                                 ;
+------------------------+-------------------+---------------------------------------------------------------------------------------------------------+
Note: In order to hide this table in the UI and the text report file, please set the "Show Parameter Settings in Synthesis Report" option in "Analysis and Synthesis Settings -> More Settings" to "Off".


+------------------------------------------------------------------------------------------------------------------------------------------------------+
; Parameter Settings for Inferred Entity Instance: FrameTiming:Frame|col_counter_vhdl:pixelCols|ext_counter_vhdl:col_counter|lpm_counter:counter_rtl_0 ;
+------------------------+-------------------+---------------------------------------------------------------------------------------------------------+
; Parameter Name         ; Value             ; Type                                                                                                    ;
+------------------------+-------------------+---------------------------------------------------------------------------------------------------------+
; AUTO_CARRY_CHAINS      ; ON                ; AUTO_CARRY                                                                                              ;
; IGNORE_CARRY_BUFFERS   ; OFF               ; IGNORE_CARRY                                                                                            ;
; AUTO_CASCADE_CHAINS    ; ON                ; AUTO_CASCADE                                                                                            ;
; IGNORE_CASCADE_BUFFERS ; OFF               ; IGNORE_CASCADE                                                                                          ;
; LPM_WIDTH              ; 8                 ; Untyped                                                                                                 ;
; LPM_DIRECTION          ; UP                ; Untyped                                                                                                 ;
; LPM_MODULUS            ; 0                 ; Untyped                                                                                                 ;
; LPM_AVALUE             ; UNUSED            ; Untyped                                                                                                 ;
; LPM_SVALUE             ; UNUSED            ; Untyped                                                                                                 ;
; LPM_PORT_UPDOWN        ; PORT_CONNECTIVITY ; Untyped                                                                                                 ;
; DEVICE_FAMILY          ; MAX7000S          ; Untyped                                                                                                 ;
; CARRY_CHAIN            ; MANUAL            ; Untyped                                                                                                 ;
; CARRY_CHAIN_LENGTH     ; 48                ; CARRY_CHAIN_LENGTH                                                                                      ;
; NOT_GATE_PUSH_BACK     ; ON                ; NOT_GATE_PUSH_BACK                                                                                      ;
; CARRY_CNT_EN           ; SMART             ; Untyped                                                                                                 ;
; LABWIDE_SCLR           ; ON                ; Untyped                                                                                                 ;
; USE_NEW_VERSION        ; TRUE              ; Untyped                                                                                                 ;
; CBXI_PARAMETER         ; NOTHING           ; Untyped                                                                                                 ;
+------------------------+-------------------+---------------------------------------------------------------------------------------------------------+
Note: In order to hide this table in the UI and the text report file, please set the "Show Parameter Settings in Synthesis Report" option in "Analysis and Synthesis Settings -> More Settings" to "Off".


+-----------------------------------------------------------------------------------------------------------------+
; Parameter Settings for Inferred Entity Instance: FrameTiming:Frame|counter:alphaCounter|lpm_counter:count_rtl_0 ;
+------------------------+-------------------+--------------------------------------------------------------------+
; Parameter Name         ; Value             ; Type                                                               ;
+------------------------+-------------------+--------------------------------------------------------------------+
; AUTO_CARRY_CHAINS      ; ON                ; AUTO_CARRY                                                         ;
; IGNORE_CARRY_BUFFERS   ; OFF               ; IGNORE_CARRY                                                       ;
; AUTO_CASCADE_CHAINS    ; ON                ; AUTO_CASCADE                                                       ;
; IGNORE_CASCADE_BUFFERS ; OFF               ; IGNORE_CASCADE                                                     ;
; LPM_WIDTH              ; 4                 ; Untyped                                                            ;
; LPM_DIRECTION          ; UP                ; Untyped                                                            ;
; LPM_MODULUS            ; 0                 ; Untyped                                                            ;
; LPM_AVALUE             ; UNUSED            ; Untyped                                                            ;
; LPM_SVALUE             ; UNUSED            ; Untyped                                                            ;
; LPM_PORT_UPDOWN        ; PORT_CONNECTIVITY ; Untyped                                                            ;
; DEVICE_FAMILY          ; MAX7000S          ; Untyped                                                            ;
; CARRY_CHAIN            ; MANUAL            ; Untyped                                                            ;
; CARRY_CHAIN_LENGTH     ; 48                ; CARRY_CHAIN_LENGTH                                                 ;
; NOT_GATE_PUSH_BACK     ; ON                ; NOT_GATE_PUSH_BACK                                                 ;
; CARRY_CNT_EN           ; SMART             ; Untyped                                                            ;
; LABWIDE_SCLR           ; ON                ; Untyped                                                            ;
; USE_NEW_VERSION        ; TRUE              ; Untyped                                                            ;
; CBXI_PARAMETER         ; NOTHING           ; Untyped                                                            ;
+------------------------+-------------------+--------------------------------------------------------------------+
Note: In order to hide this table in the UI and the text report file, please set the "Show Parameter Settings in Synthesis Report" option in "Analysis and Synthesis Settings -> More Settings" to "Off".


+----------------------------------------------------------------------------------------------------------------+
; Parameter Settings for Inferred Entity Instance: FrameTiming:Frame|counter:dataCounter|lpm_counter:count_rtl_0 ;
+------------------------+-------------------+-------------------------------------------------------------------+
; Parameter Name         ; Value             ; Type                                                              ;
+------------------------+-------------------+-------------------------------------------------------------------+
; AUTO_CARRY_CHAINS      ; ON                ; AUTO_CARRY                                                        ;
; IGNORE_CARRY_BUFFERS   ; OFF               ; IGNORE_CARRY                                                      ;
; AUTO_CASCADE_CHAINS    ; ON                ; AUTO_CASCADE                                                      ;
; IGNORE_CASCADE_BUFFERS ; OFF               ; IGNORE_CASCADE                                                    ;
; LPM_WIDTH              ; 5                 ; Untyped                                                           ;
; LPM_DIRECTION          ; UP                ; Untyped                                                           ;
; LPM_MODULUS            ; 0                 ; Untyped                                                           ;
; LPM_AVALUE             ; UNUSED            ; Untyped                                                           ;
; LPM_SVALUE             ; UNUSED            ; Untyped                                                           ;
; LPM_PORT_UPDOWN        ; PORT_CONNECTIVITY ; Untyped                                                           ;
; DEVICE_FAMILY          ; MAX7000S          ; Untyped                                                           ;
; CARRY_CHAIN            ; MANUAL            ; Untyped                                                           ;
; CARRY_CHAIN_LENGTH     ; 48                ; CARRY_CHAIN_LENGTH                                                ;
; NOT_GATE_PUSH_BACK     ; ON                ; NOT_GATE_PUSH_BACK                                                ;
; CARRY_CNT_EN           ; SMART             ; Untyped                                                           ;
; LABWIDE_SCLR           ; ON                ; Untyped                                                           ;
; USE_NEW_VERSION        ; TRUE              ; Untyped                                                           ;
; CBXI_PARAMETER         ; NOTHING           ; Untyped                                                           ;
+------------------------+-------------------+-------------------------------------------------------------------+
Note: In order to hide this table in the UI and the text report file, please set the "Show Parameter Settings in Synthesis Report" option in "Analysis and Synthesis Settings -> More Settings" to "Off".


+-------------------------------------------------------------------------------------------------+
; Parameter Settings for Inferred Entity Instance: data_counter_vhdl:dataAddress|lpm_add_sub:Add0 ;
+------------------------+-------------+----------------------------------------------------------+
; Parameter Name         ; Value       ; Type                                                     ;
+------------------------+-------------+----------------------------------------------------------+
; LPM_WIDTH              ; 13          ; Untyped                                                  ;
; LPM_REPRESENTATION     ; UNSIGNED    ; Untyped                                                  ;
; LPM_DIRECTION          ; ADD         ; Untyped                                                  ;
; ONE_INPUT_IS_CONSTANT  ; YES         ; Untyped                                                  ;
; LPM_PIPELINE           ; 0           ; Untyped                                                  ;
; MAXIMIZE_SPEED         ; 5           ; Untyped                                                  ;
; REGISTERED_AT_END      ; 0           ; Untyped                                                  ;
; OPTIMIZE_FOR_SPEED     ; 5           ; Untyped                                                  ;
; USE_CS_BUFFERS         ; 1           ; Untyped                                                  ;
; CARRY_CHAIN            ; MANUAL      ; Untyped                                                  ;
; CARRY_CHAIN_LENGTH     ; 48          ; CARRY_CHAIN_LENGTH                                       ;
; DEVICE_FAMILY          ; MAX7000S    ; Untyped                                                  ;
; USE_WYS                ; OFF         ; Untyped                                                  ;
; STYLE                  ; FAST        ; Untyped                                                  ;
; CBXI_PARAMETER         ; add_sub_7ph ; Untyped                                                  ;
; AUTO_CARRY_CHAINS      ; ON          ; AUTO_CARRY                                               ;
; IGNORE_CARRY_BUFFERS   ; OFF         ; IGNORE_CARRY                                             ;
; AUTO_CASCADE_CHAINS    ; ON          ; AUTO_CASCADE                                             ;
; IGNORE_CASCADE_BUFFERS ; OFF         ; IGNORE_CASCADE                                           ;
+------------------------+-------------+----------------------------------------------------------+
Note: In order to hide this table in the UI and the text report file, please set the "Show Parameter Settings in Synthesis Report" option in "Analysis and Synthesis Settings -> More Settings" to "Off".


+----------------------------------------------------------------------+
; Port Connectivity Checks: "borderMux:borderSelect|colourMux:col_mux" ;
+------------+-------+----------+--------------------------------------+
; Port       ; Type  ; Severity ; Details                              ;
+------------+-------+----------+--------------------------------------+
; data[1..0] ; Input ; Info     ; Stuck at GND                         ;
+------------+-------+----------+--------------------------------------+


+----------------------------------------------------------------------------------------------------------------+
; Port Connectivity Checks: "borderMux:borderSelect"                                                             ;
+------+--------+----------+-------------------------------------------------------------------------------------+
; Port ; Type   ; Severity ; Details                                                                             ;
+------+--------+----------+-------------------------------------------------------------------------------------+
; rgb  ; Output ; Info     ; Connected to dangling logic. Logic that only feeds a dangling port will be removed. ;
+------+--------+----------+-------------------------------------------------------------------------------------+


+----------------------------------------------------+
; Port Connectivity Checks: "colourMux:colourSelect" ;
+------------+-------+----------+--------------------+
; Port       ; Type  ; Severity ; Details            ;
+------------+-------+----------+--------------------+
; data[1..0] ; Input ; Info     ; Stuck at GND       ;
; data[3]    ; Input ; Info     ; Stuck at GND       ;
; data[2]    ; Input ; Info     ; Stuck at VCC       ;
+------------+-------+----------+--------------------+


+-------------------------------------------------------------------------------------------------------------------+
; Port Connectivity Checks: "modeMux:modeSelector"                                                                  ;
+---------+--------+----------+-------------------------------------------------------------------------------------+
; Port    ; Type   ; Severity ; Details                                                                             ;
+---------+--------+----------+-------------------------------------------------------------------------------------+
; palette ; Output ; Info     ; Connected to dangling logic. Logic that only feeds a dangling port will be removed. ;
+---------+--------+----------+-------------------------------------------------------------------------------------+


+------------------------------------------------------+
; Port Connectivity Checks: "textModeToPixel:textMode" ;
+--------------+-------+----------+--------------------+
; Port         ; Type  ; Severity ; Details            ;
+--------------+-------+----------+--------------------+
; colour[3..1] ; Input ; Info     ; Stuck at GND       ;
; colour[0]    ; Input ; Info     ; Stuck at VCC       ;
+--------------+-------+----------+--------------------+


+---------------------------------------------------+
; Port Connectivity Checks: "videoMux:outputStream" ;
+----------------+-------+----------+---------------+
; Port           ; Type  ; Severity ; Details       ;
+----------------+-------+----------+---------------+
; channel1       ; Input ; Info     ; Stuck at GND  ;
; channel2       ; Input ; Info     ; Stuck at VCC  ;
; channel3[8..7] ; Input ; Info     ; Stuck at GND  ;
; channel3[5..4] ; Input ; Info     ; Stuck at GND  ;
; channel3[2..1] ; Input ; Info     ; Stuck at GND  ;
; channel3[6]    ; Input ; Info     ; Stuck at VCC  ;
; channel3[3]    ; Input ; Info     ; Stuck at VCC  ;
; channel3[0]    ; Input ; Info     ; Stuck at VCC  ;
+----------------+-------+----------+---------------+


+----------------------------------------------------------------------------------------------------------------------------------------------------------------------------------+
; Port Connectivity Checks: "invertText:invCharData"                                                                                                                               ;
+-----------+--------+----------+--------------------------------------------------------------------------------------------------------------------------------------------------+
; Port      ; Type   ; Severity ; Details                                                                                                                                          ;
+-----------+--------+----------+--------------------------------------------------------------------------------------------------------------------------------------------------+
; pixelsIn  ; Input  ; Warning  ; Input port expression (1 bits) is smaller than the input port (8 bits) it drives.  Extra input bit(s) "pixelsIn[7..1]" will be connected to GND. ;
; pixelsOut ; Output ; Warning  ; Output or bidir port (8 bits) is wider than the port expression (1 bits) it drives; bit(s) "pixelsOut[7..1]" have no fanouts                     ;
; pixelsOut ; Output ; Info     ; Connected to dangling logic. Logic that only feeds a dangling port will be removed.                                                              ;
+-----------+--------+----------+--------------------------------------------------------------------------------------------------------------------------------------------------+


+------------------------------------------------------------------------------------------------------------------------------------------------------------+
; Port Connectivity Checks: "alphaDataMux:charDataSelect"                                                                                                    ;
+----------+--------+----------+-----------------------------------------------------------------------------------------------------------------------------+
; Port     ; Type   ; Severity ; Details                                                                                                                     ;
+----------+--------+----------+-----------------------------------------------------------------------------------------------------------------------------+
; index[5] ; Input  ; Info     ; Stuck at GND                                                                                                                ;
; index[4] ; Input  ; Info     ; Stuck at VCC                                                                                                                ;
; index[3] ; Input  ; Info     ; Stuck at GND                                                                                                                ;
; index[2] ; Input  ; Info     ; Stuck at VCC                                                                                                                ;
; index[1] ; Input  ; Info     ; Stuck at GND                                                                                                                ;
; index[0] ; Input  ; Info     ; Stuck at VCC                                                                                                                ;
; chardata ; Output ; Warning  ; Output or bidir port (8 bits) is wider than the port expression (1 bits) it drives; bit(s) "chardata[7..1]" have no fanouts ;
+----------+--------+----------+-----------------------------------------------------------------------------------------------------------------------------+


+------------------------------------------------------------------------------------------------------------------------------------------------------------------------+
; Port Connectivity Checks: "videoDataShiftRegister:videoDataRegister"                                                                                                   ;
+------+-------+----------+----------------------------------------------------------------------------------------------------------------------------------------------+
; Port ; Type  ; Severity ; Details                                                                                                                                      ;
+------+-------+----------+----------------------------------------------------------------------------------------------------------------------------------------------+
; data ; Input ; Warning  ; Input port expression (1 bits) is smaller than the input port (8 bits) it drives.  Extra input bit(s) "data[7..1]" will be connected to GND. ;
+------+-------+----------+----------------------------------------------------------------------------------------------------------------------------------------------+


+--------------------------------------------------------------------+
; Port Connectivity Checks: "FrameTiming:Frame|counter:alphaCounter" ;
+--------+-------+----------+----------------------------------------+
; Port   ; Type  ; Severity ; Details                                ;
+--------+-------+----------+----------------------------------------+
; enable ; Input ; Info     ; Stuck at VCC                           ;
+--------+-------+----------+----------------------------------------+


+-------------------------------------------------------------------+
; Port Connectivity Checks: "FrameTiming:Frame|counter:dataCounter" ;
+--------+-------+----------+---------------------------------------+
; Port   ; Type  ; Severity ; Details                               ;
+--------+-------+----------+---------------------------------------+
; enable ; Input ; Info     ; Stuck at VCC                          ;
+--------+-------+----------+---------------------------------------+


+--------------------------------------------------------------------------+
; Port Connectivity Checks: "FrameTiming:Frame|row_counter_vhdl:pixelRows" ;
+-------------+-------+----------+-----------------------------------------+
; Port        ; Type  ; Severity ; Details                                 ;
+-------------+-------+----------+-----------------------------------------+
; limit[7..6] ; Input ; Info     ; Stuck at GND                            ;
; limit[8]    ; Input ; Info     ; Stuck at VCC                            ;
; limit[3]    ; Input ; Info     ; Stuck at GND                            ;
+-------------+-------+----------+-----------------------------------------+


+-------------------------------------------------------------------------------------------------------------------------------------------+
; Port Connectivity Checks: "FrameTiming:Frame"                                                                                             ;
+------------+--------+----------+----------------------------------------------------------------------------------------------------------+
; Port       ; Type   ; Severity ; Details                                                                                                  ;
+------------+--------+----------+----------------------------------------------------------------------------------------------------------+
; alphaCount ; Output ; Warning  ; Declared by entity but not connected by instance. Logic that only feeds a dangling port will be removed. ;
; debug      ; Output ; Warning  ; Declared by entity but not connected by instance. Logic that only feeds a dangling port will be removed. ;
+------------+--------+----------+----------------------------------------------------------------------------------------------------------+


+--------------------------------+
; Analysis & Synthesis Equations ;
+--------------------------------+
The equations can be found in H:/MC6847X/Quartus/output_files/MC6847X.map.eqn.


+-------------------------------+
; Analysis & Synthesis Messages ;
+-------------------------------+
Info: *******************************************************************
Info: Running Quartus II 64-Bit Analysis & Synthesis
    Info: Version 13.0.1 Build 232 06/12/2013 Service Pack 1 SJ Web Edition
    Info: Processing started: Fri Nov 07 10:30:16 2025
Info: Command: quartus_map --read_settings_files=on --write_settings_files=off 6847substitute -c MC6847X
Info (12021): Found 1 design units, including 1 entities, in source file mc6847x.v
    Info (12023): Found entity 1: MC6847X
Info (12021): Found 1 design units, including 1 entities, in source file formatswitch.v
    Info (12023): Found entity 1: FormatSwitch
Warning (10229): Verilog HDL Expression warning at FrameTiming.v(42): truncated literal to match 5 bits
Info (12021): Found 1 design units, including 1 entities, in source file frametiming.v
    Info (12023): Found entity 1: FrameTiming
Info (12021): Found 1 design units, including 1 entities, in source file ext_counter.v
    Info (12023): Found entity 1: ext_counter
Info (12021): Found 1 design units, including 1 entities, in source file counter.v
    Info (12023): Found entity 1: counter
Info (12021): Found 1 design units, including 1 entities, in source file clockswitch.v
    Info (12023): Found entity 1: ClockSwitch
Info (12021): Found 2 design units, including 1 entities, in source file ext_counter_vhdl.vhd
    Info (12022): Found design unit 1: ext_counter_vhdl-rtl
    Info (12023): Found entity 1: ext_counter_vhdl
Info (12021): Found 2 design units, including 1 entities, in source file reg_counter_vhdl.vhd
    Info (12022): Found design unit 1: reg_counter_vhdl-rtl
    Info (12023): Found entity 1: reg_counter_vhdl
Info (12021): Found 2 design units, including 1 entities, in source file col_counter_vhdl.vhd
    Info (12022): Found design unit 1: col_counter_vhdl-rtl
    Info (12023): Found entity 1: col_counter_vhdl
Info (12021): Found 2 design units, including 1 entities, in source file row_counter_vhdl.vhd
    Info (12022): Found design unit 1: row_counter_vhdl-rtl
    Info (12023): Found entity 1: row_counter_vhdl
Info (12021): Found 1 design units, including 1 entities, in source file videomux.v
    Info (12023): Found entity 1: videoMux
Info (12021): Found 2 design units, including 1 entities, in source file border_mux.vhd
    Info (12022): Found design unit 1: borderMux-rtl
    Info (12023): Found entity 1: borderMux
Info (12021): Found 2 design units, including 1 entities, in source file colour_mux.vhd
    Info (12022): Found design unit 1: colourMux-rtl
    Info (12023): Found entity 1: colourMux
Info (12021): Found 2 design units, including 1 entities, in source file res_mode_to_palette.vhd
    Info (12022): Found design unit 1: resModeToPalette-rtl
    Info (12023): Found entity 1: resModeToPalette
Info (12021): Found 2 design units, including 1 entities, in source file graphic_mode_to_palette.vhd
    Info (12022): Found design unit 1: graphicModeToPalette-rtl
    Info (12023): Found entity 1: graphicModeToPalette
Info (12021): Found 2 design units, including 1 entities, in source file mode_mux.vhd
    Info (12022): Found design unit 1: modeMux-rtl
    Info (12023): Found entity 1: modeMux
Info (12021): Found 1 design units, including 1 entities, in source file alphadatamux.v
    Info (12023): Found entity 1: alphaDataMux
Info (12021): Found 1 design units, including 1 entities, in source file textmodetopixel.v
    Info (12023): Found entity 1: textModeToPixel
Info (12021): Found 2 design units, including 1 entities, in source file data_counter_vhdl.vhd
    Info (12022): Found design unit 1: data_counter_vhdl-rtl
    Info (12023): Found entity 1: data_counter_vhdl
Info (12021): Found 1 design units, including 1 entities, in source file videodatashiftregister.v
    Info (12023): Found entity 1: videoDataShiftRegister
Info (12021): Found 1 design units, including 1 entities, in source file videoshiftclock.v
    Info (12023): Found entity 1: videoShiftClock
Info (12021): Found 1 design units, including 1 entities, in source file inverttext.v
    Info (12023): Found entity 1: invertText
Info (12021): Found 2 design units, including 1 entities, in source file clock_divide_vhdl.vhd
    Info (12022): Found design unit 1: clockDivide-rtl
    Info (12023): Found entity 1: clockDivide
Info (12021): Found 2 design units, including 1 entities, in source file row_divide_vhdl.vhd
    Info (12022): Found design unit 1: rowDivide-rtl
    Info (12023): Found entity 1: rowDivide
Warning (10236): Verilog HDL Implicit Net warning at MC6847X.v(89): created implicit net for "videoData"
Warning (10236): Verilog HDL Implicit Net warning at MC6847X.v(97): created implicit net for "charRowData"
Warning (10236): Verilog HDL Implicit Net warning at MC6847X.v(103): created implicit net for "invCharRowData"
Info (12127): Elaborating entity "MC6847X" for the top level hierarchy
Info (12128): Elaborating entity "FormatSwitch" for hierarchy "FormatSwitch:FormatSelect"
Info (12128): Elaborating entity "ClockSwitch" for hierarchy "ClockSwitch:ColourClock"
Info (12128): Elaborating entity "clockDivide" for hierarchy "clockDivide:pixelClockDivider"
Info (12128): Elaborating entity "FrameTiming" for hierarchy "FrameTiming:Frame"
Info (12128): Elaborating entity "col_counter_vhdl" for hierarchy "FrameTiming:Frame|col_counter_vhdl:pixelCols"
Info (12128): Elaborating entity "ext_counter_vhdl" for hierarchy "FrameTiming:Frame|col_counter_vhdl:pixelCols|ext_counter_vhdl:col_counter"
Info (12128): Elaborating entity "row_counter_vhdl" for hierarchy "FrameTiming:Frame|row_counter_vhdl:pixelRows"
Info (12128): Elaborating entity "reg_counter_vhdl" for hierarchy "FrameTiming:Frame|row_counter_vhdl:pixelRows|reg_counter_vhdl:row_counter"
Info (12128): Elaborating entity "counter" for hierarchy "FrameTiming:Frame|counter:dataCounter"
Info (12128): Elaborating entity "counter" for hierarchy "FrameTiming:Frame|counter:alphaCounter"
Info (12128): Elaborating entity "videoDataShiftRegister" for hierarchy "videoDataShiftRegister:videoDataRegister"
Info (12128): Elaborating entity "videoShiftClock" for hierarchy "videoDataShiftRegister:videoDataRegister|videoShiftClock:shiftClock"
Warning (10235): Verilog HDL Always Construct warning at videoShiftClock.v(14): variable "vsclk" is read inside the Always Construct but isn't in the Always Construct's Event Control
Warning (10240): Verilog HDL Always Construct warning at videoShiftClock.v(11): inferring latch(es) for variable "vsclk", which holds its previous value in one or more paths through the always construct
Info (10041): Inferred latch for "vsclk" at videoShiftClock.v(16)
Info (12128): Elaborating entity "alphaDataMux" for hierarchy "alphaDataMux:charDataSelect"
Warning (10272): Verilog HDL Case Statement warning at alphaDataMux.v(97): case item expression covers a value already covered by a previous case item
Warning (10272): Verilog HDL Case Statement warning at alphaDataMux.v(126): case item expression covers a value already covered by a previous case item
Info (12128): Elaborating entity "invertText" for hierarchy "invertText:invCharData"
Info (12128): Elaborating entity "videoMux" for hierarchy "videoMux:outputStream"
Info (12128): Elaborating entity "resModeToPalette" for hierarchy "resModeToPalette:resMode"
Info (12128): Elaborating entity "graphicModeToPalette" for hierarchy "graphicModeToPalette:graphicMode"
Info (12128): Elaborating entity "textModeToPixel" for hierarchy "textModeToPixel:textMode"
Info (12128): Elaborating entity "modeMux" for hierarchy "modeMux:modeSelector"
Info (12128): Elaborating entity "colourMux" for hierarchy "colourMux:colourSelect"
Info (12128): Elaborating entity "borderMux" for hierarchy "borderMux:borderSelect"
Info (12128): Elaborating entity "rowDivide" for hierarchy "rowDivide:rowRepeat"
Info (12128): Elaborating entity "data_counter_vhdl" for hierarchy "data_counter_vhdl:dataAddress"
Warning (10492): VHDL Process Statement warning at data_counter_vhdl.vhd(25): signal "div2" is read inside the Process Statement but isn't in the Process Statement's sensitivity list
Warning (10492): VHDL Process Statement warning at data_counter_vhdl.vhd(25): signal "div3" is read inside the Process Statement but isn't in the Process Statement's sensitivity list
Warning (10492): VHDL Process Statement warning at data_counter_vhdl.vhd(26): signal "wide" is read inside the Process Statement but isn't in the Process Statement's sensitivity list
Warning (10492): VHDL Process Statement warning at data_counter_vhdl.vhd(27): signal "counter" is read inside the Process Statement but isn't in the Process Statement's sensitivity list
Warning (10492): VHDL Process Statement warning at data_counter_vhdl.vhd(29): signal "counter" is read inside the Process Statement but isn't in the Process Statement's sensitivity list
Warning (10492): VHDL Process Statement warning at data_counter_vhdl.vhd(31): signal "div12" is read inside the Process Statement but isn't in the Process Statement's sensitivity list
Warning (10492): VHDL Process Statement warning at data_counter_vhdl.vhd(31): signal "rp" is read inside the Process Statement but isn't in the Process Statement's sensitivity list
Warning (10492): VHDL Process Statement warning at data_counter_vhdl.vhd(32): signal "counter" is read inside the Process Statement but isn't in the Process Statement's sensitivity list
Info (19000): Inferred 4 megafunctions from design logic
    Info (19001): Inferred lpm_counter megafunction (LPM_WIDTH=9) from the following logic: "FrameTiming:Frame|row_counter_vhdl:pixelRows|reg_counter_vhdl:row_counter|counter_rtl_0"
    Info (19001): Inferred lpm_counter megafunction (LPM_WIDTH=8) from the following logic: "FrameTiming:Frame|col_counter_vhdl:pixelCols|ext_counter_vhdl:col_counter|counter_rtl_0"
    Info (19001): Inferred lpm_counter megafunction (LPM_WIDTH=4) from the following logic: "FrameTiming:Frame|counter:alphaCounter|count_rtl_0"
    Info (19001): Inferred lpm_counter megafunction (LPM_WIDTH=5) from the following logic: "FrameTiming:Frame|counter:dataCounter|count_rtl_0"
Info (278001): Inferred 1 megafunctions from design logic
    Info (278002): Inferred adder/subtractor megafunction ("lpm_add_sub") from the following logic: "data_counter_vhdl:dataAddress|Add0"
Info (12130): Elaborated megafunction instantiation "FrameTiming:Frame|row_counter_vhdl:pixelRows|reg_counter_vhdl:row_counter|lpm_counter:counter_rtl_0"
Info (12133): Instantiated megafunction "FrameTiming:Frame|row_counter_vhdl:pixelRows|reg_counter_vhdl:row_counter|lpm_counter:counter_rtl_0" with the following parameter:
    Info (12134): Parameter "LPM_WIDTH" = "9"
    Info (12134): Parameter "LPM_DIRECTION" = "UP"
    Info (12134): Parameter "LPM_TYPE" = "LPM_COUNTER"
Info (12130): Elaborated megafunction instantiation "FrameTiming:Frame|col_counter_vhdl:pixelCols|ext_counter_vhdl:col_counter|lpm_counter:counter_rtl_0"
Info (12133): Instantiated megafunction "FrameTiming:Frame|col_counter_vhdl:pixelCols|ext_counter_vhdl:col_counter|lpm_counter:counter_rtl_0" with the following parameter:
    Info (12134): Parameter "LPM_WIDTH" = "8"
    Info (12134): Parameter "LPM_DIRECTION" = "UP"
    Info (12134): Parameter "LPM_TYPE" = "LPM_COUNTER"
Info (12130): Elaborated megafunction instantiation "FrameTiming:Frame|counter:alphaCounter|lpm_counter:count_rtl_0"
Info (12133): Instantiated megafunction "FrameTiming:Frame|counter:alphaCounter|lpm_counter:count_rtl_0" with the following parameter:
    Info (12134): Parameter "LPM_WIDTH" = "4"
    Info (12134): Parameter "LPM_DIRECTION" = "UP"
    Info (12134): Parameter "LPM_TYPE" = "LPM_COUNTER"
Info (12130): Elaborated megafunction instantiation "FrameTiming:Frame|counter:dataCounter|lpm_counter:count_rtl_0"
Info (12133): Instantiated megafunction "FrameTiming:Frame|counter:dataCounter|lpm_counter:count_rtl_0" with the following parameter:
    Info (12134): Parameter "LPM_WIDTH" = "5"
    Info (12134): Parameter "LPM_DIRECTION" = "UP"
    Info (12134): Parameter "LPM_TYPE" = "LPM_COUNTER"
Info (12130): Elaborated megafunction instantiation "data_counter_vhdl:dataAddress|lpm_add_sub:Add0"
Info (12133): Instantiated megafunction "data_counter_vhdl:dataAddress|lpm_add_sub:Add0" with the following parameter:
    Info (12134): Parameter "LPM_WIDTH" = "13"
    Info (12134): Parameter "LPM_DIRECTION" = "ADD"
    Info (12134): Parameter "LPM_REPRESENTATION" = "UNSIGNED"
    Info (12134): Parameter "ONE_INPUT_IS_CONSTANT" = "YES"
Info (12131): Elaborated megafunction instantiation "data_counter_vhdl:dataAddress|lpm_add_sub:Add0|addcore:adder[1]", which is child of megafunction instantiation "data_counter_vhdl:dataAddress|lpm_add_sub:Add0"
Info (12131): Elaborated megafunction instantiation "data_counter_vhdl:dataAddress|lpm_add_sub:Add0|addcore:adder[1]|a_csnbuffer:oflow_node", which is child of megafunction instantiation "data_counter_vhdl:dataAddress|lpm_add_sub:Add0"
Info (12131): Elaborated megafunction instantiation "data_counter_vhdl:dataAddress|lpm_add_sub:Add0|addcore:adder[1]|a_csnbuffer:result_node", which is child of megafunction instantiation "data_counter_vhdl:dataAddress|lpm_add_sub:Add0"
Info (12131): Elaborated megafunction instantiation "data_counter_vhdl:dataAddress|lpm_add_sub:Add0|addcore:adder[0]", which is child of megafunction instantiation "data_counter_vhdl:dataAddress|lpm_add_sub:Add0"
Info (12131): Elaborated megafunction instantiation "data_counter_vhdl:dataAddress|lpm_add_sub:Add0|look_add:look_ahead_unit", which is child of megafunction instantiation "data_counter_vhdl:dataAddress|lpm_add_sub:Add0"
Info (12131): Elaborated megafunction instantiation "data_counter_vhdl:dataAddress|lpm_add_sub:Add0|altshift:result_ext_latency_ffs", which is child of megafunction instantiation "data_counter_vhdl:dataAddress|lpm_add_sub:Add0"
Info (12131): Elaborated megafunction instantiation "data_counter_vhdl:dataAddress|lpm_add_sub:Add0|altshift:carry_ext_latency_ffs", which is child of megafunction instantiation "data_counter_vhdl:dataAddress|lpm_add_sub:Add0"
Warning (12241): 4 hierarchies have connectivity warnings - see the Connectivity Checks report folder
Info (13014): Ignored 13 buffer(s)
    Info (13019): Ignored 13 SOFT buffer(s)
Warning (21074): Design contains 12 input pin(s) that do not drive logic
    Warning (15610): No output dependent on input pin "Q[0]"
    Warning (15610): No output dependent on input pin "Q[1]"
    Warning (15610): No output dependent on input pin "Q[2]"
    Warning (15610): No output dependent on input pin "Q[3]"
    Warning (15610): No output dependent on input pin "Q[4]"
    Warning (15610): No output dependent on input pin "Q[5]"
    Warning (15610): No output dependent on input pin "Q[6]"
    Warning (15610): No output dependent on input pin "Q[7]"
    Warning (15610): No output dependent on input pin "Inv"
    Warning (15610): No output dependent on input pin "AnS"
    Warning (15610): No output dependent on input pin "CSS"
    Warning (15610): No output dependent on input pin "Ext"
Info (21057): Implemented 169 device resources after synthesis - the final resource count might be different
    Info (21058): Implemented 19 input pins
    Info (21059): Implemented 27 output pins
    Info (21063): Implemented 111 macrocells
    Info (21073): Implemented 12 shareable expanders
Info: Quartus II 64-Bit Analysis & Synthesis was successful. 0 errors, 30 warnings
    Info: Peak virtual memory: 4630 megabytes
    Info: Processing ended: Fri Nov 07 10:30:20 2025
    Info: Elapsed time: 00:00:04
    Info: Total CPU time (on all processors): 00:00:04


