# Info: [9566]: Logging session transcript to file H:/MC6847X/ProChip/precision.log
# Info: [13513]: This version of Precision RTL is licensed for use with the Atmel CPLD RTL license only. Any other use is prohibited.
//  Precision RTL Synthesis 2013a.10OEM_Atmelcpld (Production Release) Wed Aug 21 11:28:25 PDT 2013
//  
//  Copyright (c) Mentor Graphics Corporation, 1996-2013, All Rights Reserved.
//             Portions copyright 1991-2008 Compuware Corporation
//                       UNPUBLISHED, LICENSED SOFTWARE.
//            CONFIDENTIAL AND PROPRIETARY INFORMATION WHICH IS THE
//          PROPERTY OF MENTOR GRAPHICS CORPORATION OR ITS LICENSORS
//  
//  Running on  julia@OMEGA  6.02.9200 x86
//  
//  Start time Tue Oct 28 08:30:17 2025
# -------------------------------------------------
# Info: [9566]: Logging session transcript to file H:/MC6847X/ProChip/precision.log
# Info: [9569]: Moving session transcript to file H:/MC6847X/ProChip/MC6847X.log
# Warning: [9548]: Removed existing project H:/MC6847X/ProChip/MC6847X.psp in folder H:/MC6847X/ProChip.
# Info: [9574]: Input directory: H:/MC6847X/ProChip
# Info: [9569]: Moving session transcript to file H:/MC6847X/ProChip/MC6847X.log
# Info: [9555]: Created project H:/MC6847X/ProChip/MC6847X.psp in folder H:/MC6847X/ProChip.
# Warning: [9527]: Removed existing implementation folder: H:/MC6847X/ProChip/MC6847X.
# Info: [9531]: Created directory: H:/MC6847X/ProChip/MC6847X.
# Info: [9554]: Created implementation MC6847X in project H:/MC6847X/ProChip/MC6847X.psp.
# Info: [9575]: The Results Directory has been set to: H:/MC6847X/ProChip/MC6847X/
# Info: [9566]: Logging project transcript to file H:/MC6847X/ProChip/MC6847X/precision.log
# Info: [9566]: Logging suppressed messages transcript to file H:/MC6847X/ProChip/MC6847X/precision.log.suppressed
# Info: [9550]: Activated implementation MC6847X in project H:/MC6847X/ProChip/MC6847X.psp.
# Info: [15297]: Setting up the design to use synthesis library "atf15as.syn"
# Info: [573]: The global max fanout is currently set to 100 for Atmel - ATF15xxAS.
# Info: [15323]: Setting Part to: "ATF1508AS-10JU84".
# Info: [15324]: Setting Process to: "STD".
# Info: [3022]: Reading file: C:/ATMEL_PLS_Tools/Precision/pkgs/psr/techlibs/atf15as.syn.
# Warning: [703]: Invalid process 'STD'. Specification ignored.
# Info: [631]: Loading library initialization file C:/ATMEL_PLS_Tools/Precision/pkgs/psr/userware/ATMEL_rename.tcl
# Info: [40000]: vhdlorder, Release 2013a.14
# Info: [40000]: Files sorted successfully.
# Info: [40000]: hdl-analyze, Release RTLC-Precision 2013a.14
# Info: [41002]: Analyzing input file "h:/MC6847X/ProChip/MC6847X.v" ...
# Info: [41002]: Analyzing input file "h:/MC6847X/ProChip/ClockSwitch.v" ...
# Info: [41002]: Analyzing input file "h:/MC6847X/ProChip/counter.v" ...
# Info: [41002]: Analyzing input file "h:/MC6847X/ProChip/FormatSwitch.v" ...
# Info: [41002]: Analyzing input file "h:/MC6847X/ProChip/FrameTiming.v" ...
# Info: [41002]: Analyzing input file "h:/MC6847X/ProChip/videoMux.v" ...
# Info: [42502]: Analyzing input file "h:/MC6847X/ProChip/ext_counter_vhdl.vhd" ...
# Info: [42502]: Analyzing input file "h:/MC6847X/ProChip/col_counter_vhdl.vhd" ...
# Info: [42502]: Analyzing input file "h:/MC6847X/ProChip/reg_counter_vhdl.vhd" ...
# Info: [42502]: Analyzing input file "h:/MC6847X/ProChip/row_counter_vhdl.vhd" ...
# Info: [656]: Top module of the design is set to: MC6847X.
# Info: [654]: Current working directory: H:/MC6847X/ProChip/MC6847X.
# Info: [40000]: RTLC-Driver, Release RTLC-Precision 2013a.14
# Info: [40000]: Last compiled on Aug  7 2013 11:53:26
# Info: [44512]: Initializing...
# Info: [44504]: Partitioning design ....
# Info: [40000]: RTLCompiler, Release RTLC-Precision 2013a.14
# Info: [40000]: Last compiled on Aug  7 2013 12:00:04
# Info: [44512]: Initializing...
# Info: [44506]: Module work.col_counter_vhdl(rtl): Pre-processing...
# Info: [44506]: Module work.ext_counter_vhdl(rtl): Pre-processing...
# Info: [44506]: Module work.row_counter_vhdl(rtl): Pre-processing...
# Info: [44506]: Module work.reg_counter_vhdl(rtl): Pre-processing...
# Warning: [45729]: "h:/MC6847X/ProChip/row_counter_vhdl.vhd", line 9: Input port limit[0] has never been used.
# Info: [44508]: Module work.ext_counter_vhdl(rtl): Compiling...
# Info: [44838]: "h:/MC6847X/ProChip/ext_counter_vhdl.vhd", line 21: Macro Modgen_Counter "counter_up_aclear_clock_1_8" inferred for node "counter".
# Info: [44508]: Module work.col_counter_vhdl(rtl): Compiling...
# Info: [44508]: Module work.reg_counter_vhdl(rtl): Compiling...
# Info: [44838]: "h:/MC6847X/ProChip/reg_counter_vhdl.vhd", line 21: Macro Modgen_Counter "counter_up_aclear_clock_0_9" inferred for node "counter".
# Info: [44508]: Module work.row_counter_vhdl(rtl): Compiling...
# Info: [44842]: Compilation successfully completed.
# Info: [44841]: Counter Inferencing === Detected : 2, Inferred (Modgen/Selcounter/AddSub) : 2 (2 / 0 / 0), AcrossDH (Merged/Not-Merged) : (0 / 0), Not-Inferred (Acrossdh/Attempted) : (0 / 0), Local Vars : 0 ===
# Info: [44856]: Total lines of RTL compiled: 92.
# Info: [44835]: Total CPU time for compilation: 1.3 secs.
# Info: [40000]: RTLCompiler, Release RTLC-Precision 2013a.14
# Info: [40000]: Last compiled on Aug  7 2013 12:00:04
# Info: [44512]: Initializing...
# Info: [44506]: Module FormatSwitch: Pre-processing...
# Info: [44506]: Module ClockSwitch: Pre-processing...
# Info: [44506]: Module counter{WIDTH=>5}: Pre-processing...
# Info: [44506]: Module counter{WIDTH=>4}: Pre-processing...
# Info: [44506]: Module FrameTiming: Pre-processing...
# Info: [44506]: Module videoMux: Pre-processing...
# Info: [44522]: Root Module MC6847X: Pre-processing...
# Warning: [45729]: "h:/MC6847X/ProChip/FrameTiming.v", line 28: state has never been used.
# Warning: [45729]: "h:/MC6847X/ProChip/FrameTiming.v", line 64: rowReset has never been used.
# Warning: [45729]: "h:/MC6847X/ProChip/MC6847X.v", line 17: Input port RequestFormat has never been used.
# Warning: [45729]: "h:/MC6847X/ProChip/MC6847X.v", line 26: DataPreLoad has never been used.
# Warning: [45729]: "h:/MC6847X/ProChip/MC6847X.v", line 27: AlphaRowClear has never been used.
# Warning: [45729]: "h:/MC6847X/ProChip/MC6847X.v", line 28: rowCount has never been used.
# Info: [44508]: Module FormatSwitch: Compiling...
# Warning: [45765]: "h:/MC6847X/ProChip/FormatSwitch.v", line 11: Ignoring Initial value for this signal/variable as initial value is not supported for the specified technology.
# Info: [44508]: Module ClockSwitch: Compiling...
# Info: [44508]: Module counter{WIDTH=>5}: Compiling...
# Warning: [45765]: "h:/MC6847X/ProChip/counter.v", line 10: Ignoring Initial value for this signal/variable as initial value is not supported for the specified technology.
# Info: [44838]: "h:/MC6847X/ProChip/counter.v", line 19: Macro Modgen_Counter "counter_up_sclear_clock_clk_en_cnt_en_0_5" inferred for node "count".
# Info: [44508]: Module counter{WIDTH=>4}: Compiling...
# Warning: [45765]: "h:/MC6847X/ProChip/counter.v", line 10: Ignoring Initial value for this signal/variable as initial value is not supported for the specified technology.
# Info: [44838]: "h:/MC6847X/ProChip/counter.v", line 19: Macro Modgen_Counter "counter_up_sclear_clock_clk_en_cnt_en_0_4" inferred for node "count".
# Info: [44508]: Module FrameTiming: Compiling...
# Info: [44508]: Module videoMux: Compiling...
# Info: [44523]: Root Module MC6847X: Compiling...
# Warning: [45438]: Module FrameTiming, Instance dataCounter, Net(s) enable: This input has no drivers, driving zero.
# Warning: [45438]: Module FrameTiming, Instance alphaCounter, Net(s) enable: This input has no drivers, driving zero.
# Info: [44842]: Compilation successfully completed.
# Info: [44841]: Counter Inferencing === Detected : 2, Inferred (Modgen/Selcounter/AddSub) : 2 (2 / 0 / 0), AcrossDH (Merged/Not-Merged) : (0 / 0), Not-Inferred (Acrossdh/Attempted) : (0 / 0), Local Vars : 0 ===
# Info: [44856]: Total lines of RTL compiled: 274.
# Info: [44835]: Total CPU time for compilation: 1.3 secs.
# Info: [44513]: Overall running time for compilation: 5.0 secs.
# Info: [654]: Current working directory: H:/MC6847X/ProChip/MC6847X.
# Info: [15329]: Doing rtl optimizations.
# Info: [657]: Finished compiling design.
# Info: [654]: Current working directory: H:/MC6847X/ProChip/MC6847X.
# Info: [4556]: 1 Instances are flattened in hierarchical block .work.col_counter_vhdl.rtl.
# Info: [4556]: 1 Instances are flattened in hierarchical block .work.row_counter_vhdl.rtl_unfold_1808.
# Info: [4556]: 2 Instances are flattened in hierarchical block .work.FrameTiming.INTERFACE_unfold_1051.
# Info: [4556]: 1 Instances are flattened in hierarchical block .work.MC6847X.INTERFACE.
# Info: -- Optimizing netlist .work.FrameTiming.INTERFACE_unfold_1051
# Info: -- Optimizing netlist .work.MC6847X.INTERFACE
# Info: Final Design Rule Check..
# Info: [15085]: Running timing optimization for design .work.FrameTiming.INTERFACE_unfold_1051.
# Info: [12035]: -- Running timing characterization...
# Info: [15085]: Running timing optimization for design .work.MC6847X.INTERFACE.
# Info: [12035]: -- Running timing characterization...
# Info: [8032]: Starting DRC check ...
# Info: [8033]: End DRC check ...
# Info: [3027]: Writing file: H:/MC6847X/ProChip/MC6847X/MC6847X.edf.
# Info: [657]: Finished synthesizing design.
# Info: [11019]: Total CPU time for synthesis: 0.2 s secs.
# Info: [11020]: Overall running time for synthesis: 0.3 s secs.
# Info: [9562]: Saved implementation MC6847X in project H:/MC6847X/ProChip/MC6847X.psp.
# Info: ***************************************************************
# Info: Device Utilization for ATF1508AS-10JU84
# Info: ***************************************************************
# Info: Resource                          Used    Avail   Utilization
# Info: ---------------------------------------------------------------
# Info: IOs                               17      72       23.61%
# Info: ---------------------------------------------------------------
# Info: *****************************************************************
# Info: Library: work    Cell: FrameTiming    View: INTERFACE_unfold_1051
# Info: *****************************************************************
# Info:   Cell      Library  References     Total Area
# Info:  AND2       atf15as     3 x      1      3 AND2
# Info:  AND2I1     atf15as     3 x      1      3 AND2I1
# Info:  AND3       atf15as     2 x      1      2 AND3
# Info:  AND3I1     atf15as     3 x      1      3 AND3I1
# Info:  AND3I2     atf15as     2 x      1      2 AND3I2
# Info:  AND4I1     atf15as     3 x      1      3 AND4I1
# Info:  AND4I2     atf15as     1 x      1      1 AND4I2
# Info:  AND5       atf15as     3 x      1      3 AND5
# Info:  AND6       atf15as     2 x      1      2 AND6
# Info:  AND7       atf15as     2 x      1      2 AND7
# Info:  AND8       atf15as     1 x      1      1 AND8
# Info:  DFFAR      atf15as    17 x      1     17 DFFs
# Info:  NAND2      atf15as    17 x      1     17 NAND2
# Info:  NAND2I1    atf15as     3 x      1      3 NAND2I1
# Info:  NAND2I2    atf15as     1 x      1      1 NAND2I2
# Info:  NAND3      atf15as     5 x      1      5 NAND3
# Info:  NAND3I1    atf15as     1 x      1      1 NAND3I1
# Info:  NAND3I2    atf15as     2 x      1      2 NAND3I2
# Info:  NAND4      atf15as     1 x      1      1 NAND4
# Info:  NAND4I1    atf15as     1 x      1      1 NAND4I1
# Info:  NAND4i2    atf15as     1 x      1      1 NAND4i2
# Info:  NAND4i3    atf15as     1 x      1      1 NAND4i3
# Info:  NAND5      atf15as     1 x      1      1 NAND5
# Info:  NAND7      atf15as     3 x      1      3 NAND7
# Info:  NOR8       atf15as     1 x      1      1 NOR8
# Info:  OR5        atf15as     3 x      1      3 OR5
# Info:  OR6        atf15as     3 x      1      3 OR6
# Info:  OR7        atf15as     1 x      1      1 OR7
# Info:  OR8        atf15as     1 x      1      1 OR8
# Info:  XNOR2      atf15as     3 x      1      3 XNOR2
# Info:  XOR        atf15as    24 x      1     24 XOR
# Info:  Number of ports :                      23
# Info:  Number of nets :                      118
# Info:  Number of instances :                 115
# Info:  Number of references to this view :     1
# Info: Total accumulated area :
# Info:  Number of AND2 :                        3
# Info:  Number of AND2I1 :                      3
# Info:  Number of AND3 :                        2
# Info:  Number of AND3I1 :                      3
# Info:  Number of AND3I2 :                      2
# Info:  Number of AND4I1 :                      3
# Info:  Number of AND4I2 :                      1
# Info:  Number of AND5 :                        3
# Info:  Number of AND6 :                        2
# Info:  Number of AND7 :                        2
# Info:  Number of AND8 :                        1
# Info:  Number of DFFs :                       17
# Info:  Number of NAND2 :                      17
# Info:  Number of NAND2I1 :                     3
# Info:  Number of NAND2I2 :                     1
# Info:  Number of NAND3 :                       5
# Info:  Number of NAND3I1 :                     1
# Info:  Number of NAND3I2 :                     2
# Info:  Number of NAND4 :                       1
# Info:  Number of NAND4I1 :                     1
# Info:  Number of NAND4i2 :                     1
# Info:  Number of NAND4i3 :                     1
# Info:  Number of NAND5 :                       1
# Info:  Number of NAND7 :                       3
# Info:  Number of NOR8 :                        1
# Info:  Number of OR5 :                         3
# Info:  Number of OR6 :                         3
# Info:  Number of OR7 :                         1
# Info:  Number of OR8 :                         1
# Info:  Number of XNOR2 :                       3
# Info:  Number of XOR :                        24
# Info:  Number of accumulated instances :     115
# Info: *************************************************
# Info: Library: work    Cell: MC6847X    View: INTERFACE
# Info: *************************************************
# Info:   Cell          Library  References     Total Area
# Info:  AND2I1         atf15as     1 x      1      1 AND2I1
# Info:  BUF            atf15as    14 x      1     14 BUF
# Info:  FrameTiming    work        1 x      1      1 NAND4i2
# Info:                                      3      3 NAND2I1
# Info:                                      1      1 AND4I2
# Info:                                      3      3 AND2I1
# Info:                                      3      3 NAND7
# Info:                                      1      1 NAND4
# Info:                                      1      1 NAND4I1
# Info:                                      1      1 NOR8
# Info:                                      3      3 XNOR2
# Info:                                      5      5 NAND3
# Info:                                      1      1 NAND4i3
# Info:                                      1      1 NAND2I2
# Info:                                      2      2 NAND3I2
# Info:                                      3      3 OR5
# Info:                                      1      1 OR8
# Info:                                      1      1 NAND5
# Info:                                      1      1 AND8
# Info:                                      2      2 AND3I2
# Info:                                      3      3 AND3I1
# Info:                                      3      3 OR6
# Info:                                      1      1 NAND3I1
# Info:                                      1      1 OR7
# Info:                                      2      2 AND6
# Info:                                      3      3 AND4I1
# Info:                                      3      3 AND2
# Info:                                      3      3 AND5
# Info:                                      2      2 AND7
# Info:                                     24     24 XOR
# Info:                                     17     17 DFFs
# Info:                                     17     17 NAND2
# Info:                                      2      2 AND3
# Info:  GND            atf15as     1 x      1      1 GND
# Info:  INBUF          atf15as     2 x      1      2 INBUF
# Info:  VCC            atf15as     1 x      1      1 VCC
# Info:  XOR            atf15as     1 x      1      1 XOR
# Info:  Number of ports :                      17
# Info:  Number of nets :                       26
# Info:  Number of instances :                  21
# Info:  Number of references to this view :     0
# Info: Total accumulated area :
# Info:  Number of AND2 :                        3
# Info:  Number of AND2I1 :                      4
# Info:  Number of AND3 :                        2
# Info:  Number of AND3I1 :                      3
# Info:  Number of AND3I2 :                      2
# Info:  Number of AND4I1 :                      3
# Info:  Number of AND4I2 :                      1
# Info:  Number of AND5 :                        3
# Info:  Number of AND6 :                        2
# Info:  Number of AND7 :                        2
# Info:  Number of AND8 :                        1
# Info:  Number of BUF :                        14
# Info:  Number of DFFs :                       17
# Info:  Number of GND :                         1
# Info:  Number of INBUF :                       2
# Info:  Number of NAND2 :                      17
# Info:  Number of NAND2I1 :                     3
# Info:  Number of NAND2I2 :                     1
# Info:  Number of NAND3 :                       5
# Info:  Number of NAND3I1 :                     1
# Info:  Number of NAND3I2 :                     2
# Info:  Number of NAND4 :                       1
# Info:  Number of NAND4I1 :                     1
# Info:  Number of NAND4i2 :                     1
# Info:  Number of NAND4i3 :                     1
# Info:  Number of NAND5 :                       1
# Info:  Number of NAND7 :                       3
# Info:  Number of NOR8 :                        1
# Info:  Number of OR5 :                         3
# Info:  Number of OR6 :                         3
# Info:  Number of OR7 :                         1
# Info:  Number of OR8 :                         1
# Info:  Number of VCC :                         1
# Info:  Number of XNOR2 :                       3
# Info:  Number of XOR :                        25
# Info:  Number of accumulated instances :     135
# Warning: [9526]: Discarded unsaved work in implementation MC6847X.
# Info: [9530]: Closed project: H:/MC6847X/ProChip/MC6847X.psp.
